{"C:\\_toast\\mac\\web\\play\\blackjack\\src\\App.vue": {"path":"C:\\_toast\\mac\\web\\play\\blackjack\\src\\App.vue","all":false,"statementMap":{"0":{"start":{"line":1,"column":0},"end":{"line":1,"column":24}},"1":{"start":{"line":2,"column":0},"end":{"line":2,"column":58}},"2":{"start":{"line":3,"column":0},"end":{"line":3,"column":30}},"3":{"start":{"line":4,"column":0},"end":{"line":4,"column":0}},"4":{"start":{"line":5,"column":0},"end":{"line":5,"column":28}},"5":{"start":{"line":6,"column":0},"end":{"line":6,"column":26}},"6":{"start":{"line":7,"column":0},"end":{"line":7,"column":20}},"7":{"start":{"line":8,"column":0},"end":{"line":8,"column":18}},"8":{"start":{"line":9,"column":0},"end":{"line":9,"column":23}},"9":{"start":{"line":10,"column":0},"end":{"line":10,"column":2}},"10":{"start":{"line":11,"column":0},"end":{"line":11,"column":9}},"11":{"start":{"line":12,"column":0},"end":{"line":12,"column":0}},"12":{"start":{"line":13,"column":0},"end":{"line":13,"column":10}},"13":{"start":{"line":14,"column":0},"end":{"line":14,"column":40}},"14":{"start":{"line":15,"column":0},"end":{"line":15,"column":21}},"15":{"start":{"line":16,"column":0},"end":{"line":16,"column":8}},"16":{"start":{"line":17,"column":0},"end":{"line":17,"column":11}}},"s":{"0":1,"1":1,"2":1,"3":1,"4":1,"5":1,"6":1,"7":1,"8":1,"9":1,"10":1,"11":1,"12":1,"13":1,"14":1,"15":1,"16":1},"branchMap":{},"b":{},"fnMap":{},"f":{}}
,"C:\\_toast\\mac\\web\\play\\blackjack\\src\\components\\BlackjackGame.vue": {"path":"C:\\_toast\\mac\\web\\play\\blackjack\\src\\components\\BlackjackGame.vue","all":false,"statementMap":{"0":{"start":{"line":1,"column":0},"end":{"line":1,"column":24}},"1":{"start":{"line":2,"column":0},"end":{"line":2,"column":35}},"2":{"start":{"line":3,"column":0},"end":{"line":3,"column":39}},"3":{"start":{"line":4,"column":0},"end":{"line":4,"column":51}},"4":{"start":{"line":5,"column":0},"end":{"line":5,"column":31}},"5":{"start":{"line":6,"column":0},"end":{"line":6,"column":0}},"6":{"start":{"line":7,"column":0},"end":{"line":7,"column":72}},"7":{"start":{"line":8,"column":0},"end":{"line":8,"column":34}},"8":{"start":{"line":9,"column":0},"end":{"line":9,"column":17}},"9":{"start":{"line":10,"column":0},"end":{"line":10,"column":30}},"10":{"start":{"line":11,"column":0},"end":{"line":11,"column":2}},"11":{"start":{"line":12,"column":0},"end":{"line":12,"column":56}},"12":{"start":{"line":13,"column":0},"end":{"line":13,"column":35}},"13":{"start":{"line":14,"column":0},"end":{"line":14,"column":9}},"14":{"start":{"line":15,"column":0},"end":{"line":15,"column":0}},"15":{"start":{"line":16,"column":0},"end":{"line":16,"column":10}},"16":{"start":{"line":17,"column":0},"end":{"line":17,"column":31}},"17":{"start":{"line":18,"column":0},"end":{"line":18,"column":20}},"18":{"start":{"line":19,"column":0},"end":{"line":19,"column":40}},"19":{"start":{"line":20,"column":0},"end":{"line":20,"column":25}},"20":{"start":{"line":21,"column":0},"end":{"line":21,"column":24}},"21":{"start":{"line":22,"column":0},"end":{"line":22,"column":52}},"22":{"start":{"line":23,"column":0},"end":{"line":23,"column":6}},"23":{"start":{"line":24,"column":0},"end":{"line":24,"column":50}},"24":{"start":{"line":25,"column":0},"end":{"line":25,"column":56}},"25":{"start":{"line":26,"column":0},"end":{"line":26,"column":10}},"26":{"start":{"line":27,"column":0},"end":{"line":27,"column":8}},"27":{"start":{"line":28,"column":0},"end":{"line":28,"column":11}}},"s":{"0":1,"1":1,"2":1,"3":1,"4":1,"5":1,"6":1,"7":1,"8":1,"9":10,"10":1,"11":1,"12":64,"13":1,"14":1,"15":1,"16":1,"17":1,"18":1,"19":1,"20":1,"21":1,"22":1,"23":1,"24":9,"25":1,"26":1,"27":1},"branchMap":{"0":{"type":"branch","line":9,"loc":{"start":{"line":9,"column":10},"end":{"line":11,"column":1}},"locations":[{"start":{"line":9,"column":10},"end":{"line":11,"column":1}}]},"1":{"type":"branch","line":12,"loc":{"start":{"line":12,"column":23},"end":{"line":13,"column":35}},"locations":[{"start":{"line":12,"column":23},"end":{"line":13,"column":35}}]},"2":{"type":"branch","line":24,"loc":{"start":{"line":24,"column":15},"end":{"line":25,"column":56}},"locations":[{"start":{"line":24,"column":15},"end":{"line":25,"column":56}}]},"3":{"type":"branch","line":25,"loc":{"start":{"line":25,"column":47},"end":{"line":25,"column":56}},"locations":[{"start":{"line":25,"column":47},"end":{"line":25,"column":56}}]},"4":{"type":"branch","line":25,"loc":{"start":{"line":25,"column":20},"end":{"line":25,"column":39}},"locations":[{"start":{"line":25,"column":20},"end":{"line":25,"column":39}}]}},"b":{"0":[10],"1":[64],"2":[9],"3":[11],"4":[1]},"fnMap":{"0":{"name":"getPlayerAngle","decl":{"start":{"line":12,"column":23},"end":{"line":13,"column":35}},"loc":{"start":{"line":12,"column":23},"end":{"line":13,"column":35}},"line":12},"1":{"name":"__vite_ssr_import_5__.createElementBlock.$setup.hasGameEnded.__vite_ssr_import_5__.createElementBlock.__vite_ssr_import_5__.createElementVNode.onClick._cache.<computed>._cache.<computed>","decl":{"start":{"line":25,"column":20},"end":{"line":25,"column":39}},"loc":{"start":{"line":25,"column":20},"end":{"line":25,"column":39}},"line":25}},"f":{"0":64,"1":1}}
,"C:\\_toast\\mac\\web\\play\\blackjack\\src\\components\\BlackjackPlayer.vue": {"path":"C:\\_toast\\mac\\web\\play\\blackjack\\src\\components\\BlackjackPlayer.vue","all":false,"statementMap":{"0":{"start":{"line":1,"column":0},"end":{"line":1,"column":24}},"1":{"start":{"line":2,"column":0},"end":{"line":2,"column":56}},"2":{"start":{"line":3,"column":0},"end":{"line":3,"column":43}},"3":{"start":{"line":4,"column":0},"end":{"line":4,"column":35}},"4":{"start":{"line":5,"column":0},"end":{"line":5,"column":0}},"5":{"start":{"line":6,"column":0},"end":{"line":6,"column":13}},"6":{"start":{"line":7,"column":0},"end":{"line":7,"column":11}},"7":{"start":{"line":8,"column":0},"end":{"line":8,"column":42}},"8":{"start":{"line":9,"column":0},"end":{"line":9,"column":18}},"9":{"start":{"line":10,"column":0},"end":{"line":10,"column":4}},"10":{"start":{"line":11,"column":0},"end":{"line":11,"column":10}},"11":{"start":{"line":12,"column":0},"end":{"line":12,"column":17}},"12":{"start":{"line":13,"column":0},"end":{"line":13,"column":14}},"13":{"start":{"line":14,"column":0},"end":{"line":14,"column":3}},"14":{"start":{"line":15,"column":0},"end":{"line":15,"column":2}},"15":{"start":{"line":16,"column":0},"end":{"line":16,"column":28}},"16":{"start":{"line":17,"column":0},"end":{"line":17,"column":73}},"17":{"start":{"line":18,"column":0},"end":{"line":18,"column":20}},"18":{"start":{"line":19,"column":0},"end":{"line":19,"column":39}},"19":{"start":{"line":20,"column":0},"end":{"line":20,"column":39}},"20":{"start":{"line":21,"column":0},"end":{"line":21,"column":44}},"21":{"start":{"line":22,"column":0},"end":{"line":22,"column":9}},"22":{"start":{"line":23,"column":0},"end":{"line":23,"column":0}},"23":{"start":{"line":24,"column":0},"end":{"line":24,"column":10}},"24":{"start":{"line":25,"column":0},"end":{"line":25,"column":69}},"25":{"start":{"line":26,"column":0},"end":{"line":26,"column":24}},"26":{"start":{"line":27,"column":0},"end":{"line":27,"column":24}},"27":{"start":{"line":28,"column":0},"end":{"line":28,"column":37}},"28":{"start":{"line":29,"column":0},"end":{"line":29,"column":13}},"29":{"start":{"line":30,"column":0},"end":{"line":30,"column":56}},"30":{"start":{"line":31,"column":0},"end":{"line":31,"column":22}},"31":{"start":{"line":32,"column":0},"end":{"line":32,"column":52}},"32":{"start":{"line":33,"column":0},"end":{"line":33,"column":10}},"33":{"start":{"line":34,"column":0},"end":{"line":34,"column":12}},"34":{"start":{"line":35,"column":0},"end":{"line":35,"column":25}},"35":{"start":{"line":36,"column":0},"end":{"line":36,"column":20}},"36":{"start":{"line":37,"column":0},"end":{"line":37,"column":47}},"37":{"start":{"line":38,"column":0},"end":{"line":38,"column":21}},"38":{"start":{"line":39,"column":0},"end":{"line":39,"column":22}},"39":{"start":{"line":40,"column":0},"end":{"line":40,"column":19}},"40":{"start":{"line":41,"column":0},"end":{"line":41,"column":56}},"41":{"start":{"line":42,"column":0},"end":{"line":42,"column":12}},"42":{"start":{"line":43,"column":0},"end":{"line":43,"column":10}},"43":{"start":{"line":44,"column":0},"end":{"line":44,"column":12}},"44":{"start":{"line":45,"column":0},"end":{"line":45,"column":10}},"45":{"start":{"line":46,"column":0},"end":{"line":46,"column":58}},"46":{"start":{"line":47,"column":0},"end":{"line":47,"column":30}},"47":{"start":{"line":48,"column":0},"end":{"line":48,"column":7}},"48":{"start":{"line":49,"column":0},"end":{"line":49,"column":46}},"49":{"start":{"line":50,"column":0},"end":{"line":50,"column":51}},"50":{"start":{"line":51,"column":0},"end":{"line":51,"column":12}},"51":{"start":{"line":52,"column":0},"end":{"line":52,"column":71}},"52":{"start":{"line":53,"column":0},"end":{"line":53,"column":32}},"53":{"start":{"line":54,"column":0},"end":{"line":54,"column":12}},"54":{"start":{"line":55,"column":0},"end":{"line":55,"column":10}},"55":{"start":{"line":56,"column":0},"end":{"line":56,"column":8}},"56":{"start":{"line":57,"column":0},"end":{"line":57,"column":11}}},"s":{"0":1,"1":1,"2":1,"3":1,"4":1,"5":1,"6":1,"7":1,"8":1,"9":1,"10":1,"11":1,"12":1,"13":1,"14":1,"15":1,"16":1,"17":1,"18":1,"19":1,"20":104,"21":1,"22":1,"23":1,"24":1,"25":1,"26":1,"27":1,"28":1,"29":1,"30":33,"31":33,"32":1,"33":1,"34":1,"35":1,"36":1,"37":1,"38":1,"39":1,"40":1,"41":1,"42":1,"43":1,"44":1,"45":1,"46":14,"47":14,"48":14,"49":14,"50":1,"51":1,"52":11,"53":1,"54":1,"55":1,"56":1},"branchMap":{"0":{"type":"branch","line":20,"loc":{"start":{"line":20,"column":23},"end":{"line":21,"column":44}},"locations":[{"start":{"line":20,"column":23},"end":{"line":21,"column":44}}]},"1":{"type":"branch","line":30,"loc":{"start":{"line":30,"column":16},"end":{"line":30,"column":56}},"locations":[{"start":{"line":30,"column":16},"end":{"line":30,"column":56}}]},"2":{"type":"branch","line":30,"loc":{"start":{"line":30,"column":54},"end":{"line":32,"column":52}},"locations":[{"start":{"line":30,"column":54},"end":{"line":32,"column":52}}]},"3":{"type":"branch","line":32,"loc":{"start":{"line":32,"column":47},"end":{"line":32,"column":52}},"locations":[{"start":{"line":32,"column":47},"end":{"line":32,"column":52}}]},"4":{"type":"branch","line":46,"loc":{"start":{"line":46,"column":36},"end":{"line":46,"column":58}},"locations":[{"start":{"line":46,"column":36},"end":{"line":46,"column":58}}]},"5":{"type":"branch","line":46,"loc":{"start":{"line":46,"column":49},"end":{"line":50,"column":51}},"locations":[{"start":{"line":46,"column":49},"end":{"line":50,"column":51}}]},"6":{"type":"branch","line":49,"loc":{"start":{"line":49,"column":22},"end":{"line":49,"column":34}},"locations":[{"start":{"line":49,"column":22},"end":{"line":49,"column":34}}]},"7":{"type":"branch","line":50,"loc":{"start":{"line":50,"column":22},"end":{"line":50,"column":37}},"locations":[{"start":{"line":50,"column":22},"end":{"line":50,"column":37}}]},"8":{"type":"branch","line":50,"loc":{"start":{"line":50,"column":42},"end":{"line":50,"column":51}},"locations":[{"start":{"line":50,"column":42},"end":{"line":50,"column":51}}]},"9":{"type":"branch","line":52,"loc":{"start":{"line":52,"column":17},"end":{"line":52,"column":51}},"locations":[{"start":{"line":52,"column":17},"end":{"line":52,"column":51}}]},"10":{"type":"branch","line":52,"loc":{"start":{"line":52,"column":41},"end":{"line":53,"column":32}},"locations":[{"start":{"line":52,"column":41},"end":{"line":53,"column":32}}]},"11":{"type":"branch","line":53,"loc":{"start":{"line":53,"column":28},"end":{"line":53,"column":32}},"locations":[{"start":{"line":53,"column":28},"end":{"line":53,"column":32}}]},"12":{"type":"branch","line":49,"loc":{"start":{"line":49,"column":22},"end":{"line":49,"column":34}},"locations":[{"start":{"line":49,"column":22},"end":{"line":49,"column":34}}]},"13":{"type":"branch","line":50,"loc":{"start":{"line":50,"column":22},"end":{"line":50,"column":37}},"locations":[{"start":{"line":50,"column":22},"end":{"line":50,"column":37}}]}},"b":{"0":[104],"1":[60],"2":[33],"3":[47],"4":[22],"5":[14],"6":[10],"7":[10],"8":[66],"9":[20],"10":[11],"11":[69],"12":[2],"13":[6]},"fnMap":{"0":{"name":"getRandomAngle","decl":{"start":{"line":20,"column":23},"end":{"line":21,"column":44}},"loc":{"start":{"line":20,"column":23},"end":{"line":21,"column":44}},"line":20},"1":{"name":"__vite_ssr_import_4__.createElementBlock.__vite_ssr_import_4__.createElementVNode.$setup.isCurrentPlayer.$props.player.isDealer.__vite_ssr_import_4__.createElementBlock.__vite_ssr_import_4__.createElementVNode.onClick._cache.<computed>._cache.<computed>","decl":{"start":{"line":49,"column":22},"end":{"line":49,"column":34}},"loc":{"start":{"line":49,"column":22},"end":{"line":49,"column":34}},"line":49},"2":{"name":"__vite_ssr_import_4__.createElementBlock.__vite_ssr_import_4__.createElementVNode.$setup.isCurrentPlayer.$props.player.isDealer.__vite_ssr_import_4__.createElementBlock.__vite_ssr_import_4__.createElementVNode.onClick._cache.<computed>._cache.<computed>","decl":{"start":{"line":50,"column":22},"end":{"line":50,"column":37}},"loc":{"start":{"line":50,"column":22},"end":{"line":50,"column":37}},"line":50}},"f":{"0":104,"1":2,"2":6}}
,"C:\\_toast\\mac\\web\\play\\blackjack\\src\\components\\CardPattern.vue": {"path":"C:\\_toast\\mac\\web\\play\\blackjack\\src\\components\\CardPattern.vue","all":false,"statementMap":{"0":{"start":{"line":1,"column":0},"end":{"line":1,"column":10}},"1":{"start":{"line":2,"column":0},"end":{"line":2,"column":44}},"2":{"start":{"line":3,"column":0},"end":{"line":3,"column":11}},"3":{"start":{"line":4,"column":0},"end":{"line":4,"column":0}},"4":{"start":{"line":5,"column":0},"end":{"line":5,"column":24}},"5":{"start":{"line":6,"column":0},"end":{"line":6,"column":52}},"6":{"start":{"line":7,"column":0},"end":{"line":7,"column":0}},"7":{"start":{"line":8,"column":0},"end":{"line":8,"column":13}},"8":{"start":{"line":9,"column":0},"end":{"line":9,"column":9}},"9":{"start":{"line":10,"column":0},"end":{"line":10,"column":22}},"10":{"start":{"line":11,"column":0},"end":{"line":11,"column":18}},"11":{"start":{"line":12,"column":0},"end":{"line":12,"column":3}},"12":{"start":{"line":13,"column":0},"end":{"line":13,"column":2}},"13":{"start":{"line":14,"column":0},"end":{"line":14,"column":9}}},"s":{"0":1,"1":1,"2":1,"3":1,"4":1,"5":1,"6":1,"7":1,"8":1,"9":1,"10":1,"11":1,"12":1,"13":1},"branchMap":{},"b":{},"fnMap":{},"f":{}}
,"C:\\_toast\\mac\\web\\play\\blackjack\\src\\components\\CardSymbol.vue": {"path":"C:\\_toast\\mac\\web\\play\\blackjack\\src\\components\\CardSymbol.vue","all":false,"statementMap":{"0":{"start":{"line":1,"column":0},"end":{"line":1,"column":10}},"1":{"start":{"line":2,"column":0},"end":{"line":2,"column":27}},"2":{"start":{"line":3,"column":0},"end":{"line":3,"column":44}},"3":{"start":{"line":4,"column":0},"end":{"line":4,"column":46}},"4":{"start":{"line":5,"column":0},"end":{"line":5,"column":8}},"5":{"start":{"line":6,"column":0},"end":{"line":6,"column":11}},"6":{"start":{"line":7,"column":0},"end":{"line":7,"column":0}},"7":{"start":{"line":8,"column":0},"end":{"line":8,"column":24}},"8":{"start":{"line":9,"column":0},"end":{"line":9,"column":65}},"9":{"start":{"line":10,"column":0},"end":{"line":10,"column":13}},"10":{"start":{"line":11,"column":0},"end":{"line":11,"column":9}},"11":{"start":{"line":12,"column":0},"end":{"line":12,"column":22}},"12":{"start":{"line":13,"column":0},"end":{"line":13,"column":18}},"13":{"start":{"line":14,"column":0},"end":{"line":14,"column":3}},"14":{"start":{"line":15,"column":0},"end":{"line":15,"column":2}},"15":{"start":{"line":16,"column":0},"end":{"line":16,"column":9}}},"s":{"0":1,"1":1,"2":1,"3":1,"4":1,"5":1,"6":1,"7":1,"8":1,"9":1,"10":1,"11":1,"12":1,"13":1,"14":1,"15":1},"branchMap":{},"b":{},"fnMap":{},"f":{}}
,"C:\\_toast\\mac\\web\\play\\blackjack\\src\\components\\PlayingCard.vue": {"path":"C:\\_toast\\mac\\web\\play\\blackjack\\src\\components\\PlayingCard.vue","all":false,"statementMap":{"0":{"start":{"line":1,"column":0},"end":{"line":1,"column":24}},"1":{"start":{"line":2,"column":0},"end":{"line":2,"column":30}},"2":{"start":{"line":3,"column":0},"end":{"line":3,"column":39}},"3":{"start":{"line":4,"column":0},"end":{"line":4,"column":41}},"4":{"start":{"line":5,"column":0},"end":{"line":5,"column":43}},"5":{"start":{"line":6,"column":0},"end":{"line":6,"column":35}},"6":{"start":{"line":7,"column":0},"end":{"line":7,"column":0}},"7":{"start":{"line":8,"column":0},"end":{"line":8,"column":27}},"8":{"start":{"line":9,"column":0},"end":{"line":9,"column":9}},"9":{"start":{"line":10,"column":0},"end":{"line":10,"column":17}},"10":{"start":{"line":11,"column":0},"end":{"line":11,"column":18}},"11":{"start":{"line":12,"column":0},"end":{"line":12,"column":3}},"12":{"start":{"line":13,"column":0},"end":{"line":13,"column":2}},"13":{"start":{"line":14,"column":0},"end":{"line":14,"column":28}},"14":{"start":{"line":15,"column":0},"end":{"line":15,"column":54}},"15":{"start":{"line":16,"column":0},"end":{"line":16,"column":57}},"16":{"start":{"line":17,"column":0},"end":{"line":17,"column":26}},"17":{"start":{"line":18,"column":0},"end":{"line":18,"column":60}},"18":{"start":{"line":19,"column":0},"end":{"line":19,"column":1}},"19":{"start":{"line":20,"column":0},"end":{"line":20,"column":9}},"20":{"start":{"line":21,"column":0},"end":{"line":21,"column":0}},"21":{"start":{"line":22,"column":0},"end":{"line":22,"column":10}},"22":{"start":{"line":23,"column":0},"end":{"line":23,"column":6}},"23":{"start":{"line":24,"column":0},"end":{"line":24,"column":15}},"24":{"start":{"line":25,"column":0},"end":{"line":25,"column":24}},"25":{"start":{"line":26,"column":0},"end":{"line":26,"column":13}},"26":{"start":{"line":27,"column":0},"end":{"line":27,"column":22}},"27":{"start":{"line":28,"column":0},"end":{"line":28,"column":6}},"28":{"start":{"line":29,"column":0},"end":{"line":29,"column":3}},"29":{"start":{"line":30,"column":0},"end":{"line":30,"column":36}},"30":{"start":{"line":31,"column":0},"end":{"line":31,"column":32}},"31":{"start":{"line":32,"column":0},"end":{"line":32,"column":59}},"32":{"start":{"line":33,"column":0},"end":{"line":33,"column":37}},"33":{"start":{"line":34,"column":0},"end":{"line":34,"column":38}},"34":{"start":{"line":35,"column":0},"end":{"line":35,"column":14}},"35":{"start":{"line":36,"column":0},"end":{"line":36,"column":17}},"36":{"start":{"line":37,"column":0},"end":{"line":37,"column":38}},"37":{"start":{"line":38,"column":0},"end":{"line":38,"column":10}},"38":{"start":{"line":39,"column":0},"end":{"line":39,"column":8}},"39":{"start":{"line":40,"column":0},"end":{"line":40,"column":11}}},"s":{"0":16,"1":1,"2":1,"3":1,"4":1,"5":1,"6":1,"7":1,"8":1,"9":1,"10":1,"11":1,"12":1,"13":1,"14":1,"15":1,"16":1,"17":1,"18":1,"19":1,"20":1,"21":1,"22":1,"23":1,"24":1,"25":1,"26":1,"27":1,"28":1,"29":1,"30":1,"31":1,"32":1,"33":1,"34":1,"35":1,"36":1,"37":1,"38":1,"39":1},"branchMap":{"0":{"type":"branch","line":15,"loc":{"start":{"line":15,"column":22},"end":{"line":15,"column":53}},"locations":[{"start":{"line":15,"column":22},"end":{"line":15,"column":53}}]},"1":{"type":"branch","line":18,"loc":{"start":{"line":18,"column":2},"end":{"line":18,"column":60}},"locations":[{"start":{"line":18,"column":2},"end":{"line":18,"column":60}}]},"2":{"type":"branch","line":18,"loc":{"start":{"line":18,"column":37},"end":{"line":18,"column":60}},"locations":[{"start":{"line":18,"column":37},"end":{"line":18,"column":60}}]},"3":{"type":"branch","line":37,"loc":{"start":{"line":37,"column":6},"end":{"line":37,"column":38}},"locations":[{"start":{"line":37,"column":6},"end":{"line":37,"column":38}}]},"4":{"type":"branch","line":1,"loc":{"start":{"line":1,"column":0},"end":{"line":1,"column":24}},"locations":[{"start":{"line":1,"column":0},"end":{"line":1,"column":24}}]}},"b":{"0":[96],"1":[117],"2":[77],"3":[24],"4":[16]},"fnMap":{},"f":{}}
,"C:\\_toast\\mac\\web\\play\\blackjack\\src\\store\\blackjack.ts": {"path":"C:\\_toast\\mac\\web\\play\\blackjack\\src\\store\\blackjack.ts","all":false,"statementMap":{"0":{"start":{"line":1,"column":0},"end":{"line":1,"column":35}},"1":{"start":{"line":2,"column":0},"end":{"line":2,"column":65}},"2":{"start":{"line":3,"column":0},"end":{"line":3,"column":39}},"3":{"start":{"line":4,"column":0},"end":{"line":4,"column":0}},"4":{"start":{"line":5,"column":0},"end":{"line":5,"column":33}},"5":{"start":{"line":6,"column":0},"end":{"line":6,"column":24}},"6":{"start":{"line":7,"column":0},"end":{"line":7,"column":19}},"7":{"start":{"line":8,"column":0},"end":{"line":8,"column":28}},"8":{"start":{"line":9,"column":0},"end":{"line":9,"column":15}},"9":{"start":{"line":10,"column":0},"end":{"line":10,"column":28}},"10":{"start":{"line":11,"column":0},"end":{"line":11,"column":23}},"11":{"start":{"line":12,"column":0},"end":{"line":12,"column":1}},"12":{"start":{"line":13,"column":0},"end":{"line":13,"column":0}},"13":{"start":{"line":14,"column":0},"end":{"line":14,"column":34}},"14":{"start":{"line":15,"column":0},"end":{"line":15,"column":17}},"15":{"start":{"line":16,"column":0},"end":{"line":16,"column":14}},"16":{"start":{"line":17,"column":0},"end":{"line":17,"column":20}},"17":{"start":{"line":18,"column":0},"end":{"line":18,"column":1}},"18":{"start":{"line":19,"column":0},"end":{"line":19,"column":0}},"19":{"start":{"line":20,"column":0},"end":{"line":20,"column":25}},"20":{"start":{"line":21,"column":0},"end":{"line":21,"column":25}},"21":{"start":{"line":22,"column":0},"end":{"line":22,"column":27}},"22":{"start":{"line":23,"column":0},"end":{"line":23,"column":15}},"23":{"start":{"line":24,"column":0},"end":{"line":24,"column":58}},"24":{"start":{"line":25,"column":0},"end":{"line":25,"column":23}},"25":{"start":{"line":26,"column":0},"end":{"line":26,"column":17}},"26":{"start":{"line":27,"column":0},"end":{"line":27,"column":12}},"27":{"start":{"line":28,"column":0},"end":{"line":28,"column":16}},"28":{"start":{"line":29,"column":0},"end":{"line":29,"column":1}},"29":{"start":{"line":30,"column":0},"end":{"line":30,"column":30}},"30":{"start":{"line":31,"column":0},"end":{"line":31,"column":12}},"31":{"start":{"line":32,"column":0},"end":{"line":32,"column":14}},"32":{"start":{"line":33,"column":0},"end":{"line":33,"column":15}},"33":{"start":{"line":34,"column":0},"end":{"line":34,"column":24}},"34":{"start":{"line":35,"column":0},"end":{"line":35,"column":21}},"35":{"start":{"line":36,"column":0},"end":{"line":36,"column":1}},"36":{"start":{"line":37,"column":0},"end":{"line":37,"column":54}},"37":{"start":{"line":38,"column":0},"end":{"line":38,"column":33}},"38":{"start":{"line":39,"column":0},"end":{"line":39,"column":21}},"39":{"start":{"line":40,"column":0},"end":{"line":40,"column":14}},"40":{"start":{"line":41,"column":0},"end":{"line":41,"column":7}},"41":{"start":{"line":42,"column":0},"end":{"line":42,"column":25}},"42":{"start":{"line":43,"column":0},"end":{"line":43,"column":17}},"43":{"start":{"line":44,"column":0},"end":{"line":44,"column":8}},"44":{"start":{"line":45,"column":0},"end":{"line":45,"column":7}},"45":{"start":{"line":46,"column":0},"end":{"line":46,"column":25}},"46":{"start":{"line":47,"column":0},"end":{"line":47,"column":17}},"47":{"start":{"line":48,"column":0},"end":{"line":48,"column":8}},"48":{"start":{"line":49,"column":0},"end":{"line":49,"column":7}},"49":{"start":{"line":50,"column":0},"end":{"line":50,"column":25}},"50":{"start":{"line":51,"column":0},"end":{"line":51,"column":17}},"51":{"start":{"line":52,"column":0},"end":{"line":52,"column":8}},"52":{"start":{"line":53,"column":0},"end":{"line":53,"column":12}},"53":{"start":{"line":54,"column":0},"end":{"line":54,"column":5}},"54":{"start":{"line":55,"column":0},"end":{"line":55,"column":5}},"55":{"start":{"line":56,"column":0},"end":{"line":56,"column":12}},"56":{"start":{"line":57,"column":0},"end":{"line":57,"column":21}},"57":{"start":{"line":58,"column":0},"end":{"line":58,"column":56}},"58":{"start":{"line":59,"column":0},"end":{"line":59,"column":40}},"59":{"start":{"line":60,"column":0},"end":{"line":60,"column":40}},"60":{"start":{"line":61,"column":0},"end":{"line":61,"column":28}},"61":{"start":{"line":62,"column":0},"end":{"line":62,"column":33}},"62":{"start":{"line":63,"column":0},"end":{"line":63,"column":22}},"63":{"start":{"line":64,"column":0},"end":{"line":64,"column":20}},"64":{"start":{"line":65,"column":0},"end":{"line":65,"column":16}},"65":{"start":{"line":66,"column":0},"end":{"line":66,"column":13}},"66":{"start":{"line":67,"column":0},"end":{"line":67,"column":12}},"67":{"start":{"line":68,"column":0},"end":{"line":68,"column":10}},"68":{"start":{"line":69,"column":0},"end":{"line":69,"column":8}},"69":{"start":{"line":70,"column":0},"end":{"line":70,"column":6}},"70":{"start":{"line":71,"column":0},"end":{"line":71,"column":27}},"71":{"start":{"line":72,"column":0},"end":{"line":72,"column":70}},"72":{"start":{"line":73,"column":0},"end":{"line":73,"column":6}},"73":{"start":{"line":74,"column":0},"end":{"line":74,"column":13}},"74":{"start":{"line":75,"column":0},"end":{"line":75,"column":49}},"75":{"start":{"line":76,"column":0},"end":{"line":76,"column":47}},"76":{"start":{"line":77,"column":0},"end":{"line":77,"column":6}},"77":{"start":{"line":78,"column":0},"end":{"line":78,"column":29}},"78":{"start":{"line":79,"column":0},"end":{"line":79,"column":18}},"79":{"start":{"line":80,"column":0},"end":{"line":80,"column":37}},"80":{"start":{"line":81,"column":0},"end":{"line":81,"column":26}},"81":{"start":{"line":82,"column":0},"end":{"line":82,"column":7}},"82":{"start":{"line":83,"column":0},"end":{"line":83,"column":59}},"83":{"start":{"line":84,"column":0},"end":{"line":84,"column":28}},"84":{"start":{"line":85,"column":0},"end":{"line":85,"column":7}},"85":{"start":{"line":86,"column":0},"end":{"line":86,"column":20}},"86":{"start":{"line":87,"column":0},"end":{"line":87,"column":21}},"87":{"start":{"line":88,"column":0},"end":{"line":88,"column":6}},"88":{"start":{"line":89,"column":0},"end":{"line":89,"column":15}},"89":{"start":{"line":90,"column":0},"end":{"line":90,"column":74}},"90":{"start":{"line":91,"column":0},"end":{"line":91,"column":6}},"91":{"start":{"line":92,"column":0},"end":{"line":92,"column":16}},"92":{"start":{"line":93,"column":0},"end":{"line":93,"column":52}},"93":{"start":{"line":94,"column":0},"end":{"line":94,"column":27}},"94":{"start":{"line":95,"column":0},"end":{"line":95,"column":26}},"95":{"start":{"line":96,"column":0},"end":{"line":96,"column":23}},"96":{"start":{"line":97,"column":0},"end":{"line":97,"column":14}},"97":{"start":{"line":98,"column":0},"end":{"line":98,"column":42}},"98":{"start":{"line":99,"column":0},"end":{"line":99,"column":34}},"99":{"start":{"line":100,"column":0},"end":{"line":100,"column":71}},"100":{"start":{"line":101,"column":0},"end":{"line":101,"column":18}},"101":{"start":{"line":102,"column":0},"end":{"line":102,"column":30}},"102":{"start":{"line":103,"column":0},"end":{"line":103,"column":11}},"103":{"start":{"line":104,"column":0},"end":{"line":104,"column":16}},"104":{"start":{"line":105,"column":0},"end":{"line":105,"column":65}},"105":{"start":{"line":106,"column":0},"end":{"line":106,"column":9}},"106":{"start":{"line":107,"column":0},"end":{"line":107,"column":7}},"107":{"start":{"line":108,"column":0},"end":{"line":108,"column":6}},"108":{"start":{"line":109,"column":0},"end":{"line":109,"column":19}},"109":{"start":{"line":110,"column":0},"end":{"line":110,"column":31}},"110":{"start":{"line":111,"column":0},"end":{"line":111,"column":61}},"111":{"start":{"line":112,"column":0},"end":{"line":112,"column":27}},"112":{"start":{"line":113,"column":0},"end":{"line":113,"column":0}},"113":{"start":{"line":114,"column":0},"end":{"line":114,"column":40}},"114":{"start":{"line":115,"column":0},"end":{"line":115,"column":48}},"115":{"start":{"line":116,"column":0},"end":{"line":116,"column":14}},"116":{"start":{"line":117,"column":0},"end":{"line":117,"column":67}},"117":{"start":{"line":118,"column":0},"end":{"line":118,"column":7}},"118":{"start":{"line":119,"column":0},"end":{"line":119,"column":6}},"119":{"start":{"line":120,"column":0},"end":{"line":120,"column":22}},"120":{"start":{"line":121,"column":0},"end":{"line":121,"column":78}},"121":{"start":{"line":122,"column":0},"end":{"line":122,"column":30}},"122":{"start":{"line":123,"column":0},"end":{"line":123,"column":64}},"123":{"start":{"line":124,"column":0},"end":{"line":124,"column":23}},"124":{"start":{"line":125,"column":0},"end":{"line":125,"column":7}},"125":{"start":{"line":126,"column":0},"end":{"line":126,"column":5}},"126":{"start":{"line":127,"column":0},"end":{"line":127,"column":4}},"127":{"start":{"line":128,"column":0},"end":{"line":128,"column":12}},"128":{"start":{"line":129,"column":0},"end":{"line":129,"column":38}},"129":{"start":{"line":130,"column":0},"end":{"line":130,"column":50}},"130":{"start":{"line":131,"column":0},"end":{"line":131,"column":6}},"131":{"start":{"line":132,"column":0},"end":{"line":132,"column":23}},"132":{"start":{"line":133,"column":0},"end":{"line":133,"column":45}},"133":{"start":{"line":134,"column":0},"end":{"line":134,"column":43}},"134":{"start":{"line":135,"column":0},"end":{"line":135,"column":6}},"135":{"start":{"line":136,"column":0},"end":{"line":136,"column":16}},"136":{"start":{"line":137,"column":0},"end":{"line":137,"column":50}},"137":{"start":{"line":138,"column":0},"end":{"line":138,"column":71}},"138":{"start":{"line":139,"column":0},"end":{"line":139,"column":6}},"139":{"start":{"line":140,"column":0},"end":{"line":140,"column":30}},"140":{"start":{"line":141,"column":0},"end":{"line":141,"column":62}},"141":{"start":{"line":142,"column":0},"end":{"line":142,"column":6}},"142":{"start":{"line":143,"column":0},"end":{"line":143,"column":26}},"143":{"start":{"line":144,"column":0},"end":{"line":144,"column":76}},"144":{"start":{"line":145,"column":0},"end":{"line":145,"column":6}},"145":{"start":{"line":146,"column":0},"end":{"line":146,"column":26}},"146":{"start":{"line":147,"column":0},"end":{"line":147,"column":31}},"147":{"start":{"line":148,"column":0},"end":{"line":148,"column":57}},"148":{"start":{"line":149,"column":0},"end":{"line":149,"column":7}},"149":{"start":{"line":150,"column":0},"end":{"line":150,"column":6}},"150":{"start":{"line":151,"column":0},"end":{"line":151,"column":31}},"151":{"start":{"line":152,"column":0},"end":{"line":152,"column":68}},"152":{"start":{"line":153,"column":0},"end":{"line":153,"column":6}},"153":{"start":{"line":154,"column":0},"end":{"line":154,"column":20}},"154":{"start":{"line":155,"column":0},"end":{"line":155,"column":41}},"155":{"start":{"line":156,"column":0},"end":{"line":156,"column":52}},"156":{"start":{"line":157,"column":0},"end":{"line":157,"column":62}},"157":{"start":{"line":158,"column":0},"end":{"line":158,"column":6}},"158":{"start":{"line":159,"column":0},"end":{"line":159,"column":18}},"159":{"start":{"line":160,"column":0},"end":{"line":160,"column":57}},"160":{"start":{"line":161,"column":0},"end":{"line":161,"column":46}},"161":{"start":{"line":162,"column":0},"end":{"line":162,"column":49}},"162":{"start":{"line":163,"column":0},"end":{"line":163,"column":23}},"163":{"start":{"line":164,"column":0},"end":{"line":164,"column":41}},"164":{"start":{"line":165,"column":0},"end":{"line":165,"column":67}},"165":{"start":{"line":166,"column":0},"end":{"line":166,"column":71}},"166":{"start":{"line":167,"column":0},"end":{"line":167,"column":25}},"167":{"start":{"line":168,"column":0},"end":{"line":168,"column":71}},"168":{"start":{"line":169,"column":0},"end":{"line":169,"column":24}},"169":{"start":{"line":170,"column":0},"end":{"line":170,"column":69}},"170":{"start":{"line":171,"column":0},"end":{"line":171,"column":25}},"171":{"start":{"line":172,"column":0},"end":{"line":172,"column":18}},"172":{"start":{"line":173,"column":0},"end":{"line":173,"column":24}},"173":{"start":{"line":174,"column":0},"end":{"line":174,"column":9}},"174":{"start":{"line":175,"column":0},"end":{"line":175,"column":7}},"175":{"start":{"line":176,"column":0},"end":{"line":176,"column":6}},"176":{"start":{"line":177,"column":0},"end":{"line":177,"column":22}},"177":{"start":{"line":178,"column":0},"end":{"line":178,"column":53}},"178":{"start":{"line":179,"column":0},"end":{"line":179,"column":43}},"179":{"start":{"line":180,"column":0},"end":{"line":180,"column":6}},"180":{"start":{"line":181,"column":0},"end":{"line":181,"column":23}},"181":{"start":{"line":182,"column":0},"end":{"line":182,"column":45}},"182":{"start":{"line":183,"column":0},"end":{"line":183,"column":63}},"183":{"start":{"line":184,"column":0},"end":{"line":184,"column":6}},"184":{"start":{"line":185,"column":0},"end":{"line":185,"column":20}},"185":{"start":{"line":186,"column":0},"end":{"line":186,"column":45}},"186":{"start":{"line":187,"column":0},"end":{"line":187,"column":55}},"187":{"start":{"line":188,"column":0},"end":{"line":188,"column":6}},"188":{"start":{"line":189,"column":0},"end":{"line":189,"column":26}},"189":{"start":{"line":190,"column":0},"end":{"line":190,"column":44}},"190":{"start":{"line":191,"column":0},"end":{"line":191,"column":44}},"191":{"start":{"line":192,"column":0},"end":{"line":192,"column":5}},"192":{"start":{"line":193,"column":0},"end":{"line":193,"column":3}},"193":{"start":{"line":194,"column":0},"end":{"line":194,"column":2}},"194":{"start":{"line":195,"column":0},"end":{"line":195,"column":0}},"195":{"start":{"line":196,"column":0},"end":{"line":196,"column":49}},"196":{"start":{"line":197,"column":0},"end":{"line":197,"column":7}},"197":{"start":{"line":198,"column":0},"end":{"line":198,"column":12}},"198":{"start":{"line":199,"column":0},"end":{"line":199,"column":23}},"199":{"start":{"line":200,"column":0},"end":{"line":200,"column":77}},"200":{"start":{"line":201,"column":0},"end":{"line":201,"column":9}},"201":{"start":{"line":202,"column":0},"end":{"line":202,"column":5}},"202":{"start":{"line":203,"column":0},"end":{"line":203,"column":49}},"203":{"start":{"line":204,"column":0},"end":{"line":204,"column":0}},"204":{"start":{"line":205,"column":0},"end":{"line":205,"column":50}},"205":{"start":{"line":206,"column":0},"end":{"line":206,"column":37}},"206":{"start":{"line":207,"column":0},"end":{"line":207,"column":54}},"207":{"start":{"line":208,"column":0},"end":{"line":208,"column":1}}},"s":{"0":1,"1":1,"2":1,"3":1,"4":1,"5":1,"6":1,"7":1,"8":1,"9":1,"10":1,"11":1,"12":1,"13":1,"14":1,"15":1,"16":1,"17":1,"18":1,"19":1,"20":1,"21":1,"22":1,"23":1,"24":1,"25":1,"26":1,"27":1,"28":1,"29":1,"30":1,"31":1,"32":1,"33":1,"34":1,"35":1,"36":1,"37":1,"38":10,"39":10,"40":10,"41":10,"42":10,"43":10,"44":10,"45":10,"46":10,"47":10,"48":10,"49":10,"50":10,"51":10,"52":10,"53":10,"54":10,"55":1,"56":1,"57":2,"58":2,"59":8,"60":104,"61":104,"62":104,"63":104,"64":104,"65":104,"66":8,"67":2,"68":2,"69":2,"70":1,"71":308,"72":308,"73":1,"74":11,"75":11,"76":11,"77":1,"78":11,"79":11,"80":0,"81":0,"82":11,"83":2,"84":2,"85":11,"86":11,"87":11,"88":1,"89":11,"90":11,"91":1,"92":96,"93":96,"94":77,"95":77,"96":96,"97":19,"98":17,"99":6,"100":17,"101":11,"102":11,"103":19,"104":2,"105":2,"106":19,"107":96,"108":1,"109":96,"110":96,"111":96,"112":96,"113":96,"114":30,"115":96,"116":66,"117":66,"118":96,"119":1,"120":12,"121":12,"122":12,"123":6,"124":6,"125":12,"126":1,"127":1,"128":1,"129":108,"130":108,"131":1,"132":10,"133":140,"134":10,"135":1,"136":5,"137":8,"138":5,"139":1,"140":96,"141":96,"142":1,"143":96,"144":96,"145":1,"146":79,"147":79,"148":79,"149":79,"150":1,"151":18,"152":18,"153":1,"154":10,"155":117,"156":89,"157":10,"158":1,"159":9,"160":9,"161":11,"162":11,"163":11,"164":11,"165":11,"166":3,"167":11,"168":3,"169":11,"170":2,"171":11,"172":3,"173":11,"174":11,"175":9,"176":1,"177":10,"178":81,"179":10,"180":1,"181":10,"182":28,"183":10,"184":1,"185":10,"186":87,"187":10,"188":1,"189":10,"190":33,"191":10,"192":1,"193":1,"194":1,"195":1,"196":120,"197":120,"198":120,"199":249,"200":120,"201":120,"202":120,"203":1,"204":1,"205":100,"206":100,"207":100},"branchMap":{"0":{"type":"branch","line":38,"loc":{"start":{"line":38,"column":9},"end":{"line":55,"column":5}},"locations":[{"start":{"line":38,"column":9},"end":{"line":55,"column":5}}]},"1":{"type":"branch","line":57,"loc":{"start":{"line":57,"column":4},"end":{"line":70,"column":6}},"locations":[{"start":{"line":57,"column":4},"end":{"line":70,"column":6}}]},"2":{"type":"branch","line":58,"loc":{"start":{"line":58,"column":49},"end":{"line":69,"column":7}},"locations":[{"start":{"line":58,"column":49},"end":{"line":69,"column":7}}]},"3":{"type":"branch","line":59,"loc":{"start":{"line":59,"column":28},"end":{"line":68,"column":9}},"locations":[{"start":{"line":59,"column":28},"end":{"line":68,"column":9}}]},"4":{"type":"branch","line":60,"loc":{"start":{"line":60,"column":29},"end":{"line":67,"column":11}},"locations":[{"start":{"line":60,"column":29},"end":{"line":67,"column":11}}]},"5":{"type":"branch","line":71,"loc":{"start":{"line":71,"column":4},"end":{"line":73,"column":6}},"locations":[{"start":{"line":71,"column":4},"end":{"line":73,"column":6}}]},"6":{"type":"branch","line":72,"loc":{"start":{"line":72,"column":29},"end":{"line":72,"column":52}},"locations":[{"start":{"line":72,"column":29},"end":{"line":72,"column":52}}]},"7":{"type":"branch","line":74,"loc":{"start":{"line":74,"column":4},"end":{"line":77,"column":6}},"locations":[{"start":{"line":74,"column":4},"end":{"line":77,"column":6}}]},"8":{"type":"branch","line":75,"loc":{"start":{"line":75,"column":27},"end":{"line":75,"column":48}},"locations":[{"start":{"line":75,"column":27},"end":{"line":75,"column":48}}]},"9":{"type":"branch","line":78,"loc":{"start":{"line":78,"column":4},"end":{"line":88,"column":6}},"locations":[{"start":{"line":78,"column":4},"end":{"line":88,"column":6}}]},"10":{"type":"branch","line":80,"loc":{"start":{"line":80,"column":10},"end":{"line":80,"column":36}},"locations":[{"start":{"line":80,"column":10},"end":{"line":80,"column":36}}]},"11":{"type":"branch","line":80,"loc":{"start":{"line":80,"column":36},"end":{"line":82,"column":7}},"locations":[{"start":{"line":80,"column":36},"end":{"line":82,"column":7}}]},"12":{"type":"branch","line":83,"loc":{"start":{"line":83,"column":58},"end":{"line":85,"column":7}},"locations":[{"start":{"line":83,"column":58},"end":{"line":85,"column":7}}]},"13":{"type":"branch","line":89,"loc":{"start":{"line":89,"column":4},"end":{"line":91,"column":6}},"locations":[{"start":{"line":89,"column":4},"end":{"line":91,"column":6}}]},"14":{"type":"branch","line":90,"loc":{"start":{"line":90,"column":58},"end":{"line":90,"column":72}},"locations":[{"start":{"line":90,"column":58},"end":{"line":90,"column":72}}]},"15":{"type":"branch","line":92,"loc":{"start":{"line":92,"column":4},"end":{"line":108,"column":6}},"locations":[{"start":{"line":92,"column":4},"end":{"line":108,"column":6}}]},"16":{"type":"branch","line":94,"loc":{"start":{"line":94,"column":26},"end":{"line":97,"column":13}},"locations":[{"start":{"line":94,"column":26},"end":{"line":97,"column":13}}]},"17":{"type":"branch","line":97,"loc":{"start":{"line":97,"column":6},"end":{"line":107,"column":7}},"locations":[{"start":{"line":97,"column":6},"end":{"line":107,"column":7}}]},"18":{"type":"branch","line":98,"loc":{"start":{"line":98,"column":41},"end":{"line":104,"column":15}},"locations":[{"start":{"line":98,"column":41},"end":{"line":104,"column":15}}]},"19":{"type":"branch","line":99,"loc":{"start":{"line":99,"column":33},"end":{"line":101,"column":17}},"locations":[{"start":{"line":99,"column":33},"end":{"line":101,"column":17}}]},"20":{"type":"branch","line":100,"loc":{"start":{"line":100,"column":45},"end":{"line":100,"column":71}},"locations":[{"start":{"line":100,"column":45},"end":{"line":100,"column":71}}]},"21":{"type":"branch","line":101,"loc":{"start":{"line":101,"column":10},"end":{"line":103,"column":11}},"locations":[{"start":{"line":101,"column":10},"end":{"line":103,"column":11}}]},"22":{"type":"branch","line":104,"loc":{"start":{"line":104,"column":8},"end":{"line":106,"column":9}},"locations":[{"start":{"line":104,"column":8},"end":{"line":106,"column":9}}]},"23":{"type":"branch","line":109,"loc":{"start":{"line":109,"column":4},"end":{"line":119,"column":6}},"locations":[{"start":{"line":109,"column":4},"end":{"line":119,"column":6}}]},"24":{"type":"branch","line":114,"loc":{"start":{"line":114,"column":39},"end":{"line":116,"column":13}},"locations":[{"start":{"line":114,"column":39},"end":{"line":116,"column":13}}]},"25":{"type":"branch","line":115,"loc":{"start":{"line":115,"column":14},"end":{"line":115,"column":48}},"locations":[{"start":{"line":115,"column":14},"end":{"line":115,"column":48}}]},"26":{"type":"branch","line":116,"loc":{"start":{"line":116,"column":6},"end":{"line":118,"column":7}},"locations":[{"start":{"line":116,"column":6},"end":{"line":118,"column":7}}]},"27":{"type":"branch","line":117,"loc":{"start":{"line":117,"column":44},"end":{"line":117,"column":67}},"locations":[{"start":{"line":117,"column":44},"end":{"line":117,"column":67}}]},"28":{"type":"branch","line":120,"loc":{"start":{"line":120,"column":4},"end":{"line":126,"column":5}},"locations":[{"start":{"line":120,"column":4},"end":{"line":126,"column":5}}]},"29":{"type":"branch","line":123,"loc":{"start":{"line":123,"column":63},"end":{"line":125,"column":7}},"locations":[{"start":{"line":123,"column":63},"end":{"line":125,"column":7}}]},"30":{"type":"branch","line":123,"loc":{"start":{"line":123,"column":25},"end":{"line":123,"column":53}},"locations":[{"start":{"line":123,"column":25},"end":{"line":123,"column":53}}]},"31":{"type":"branch","line":129,"loc":{"start":{"line":129,"column":4},"end":{"line":131,"column":6}},"locations":[{"start":{"line":129,"column":4},"end":{"line":131,"column":6}}]},"32":{"type":"branch","line":132,"loc":{"start":{"line":132,"column":4},"end":{"line":135,"column":6}},"locations":[{"start":{"line":132,"column":4},"end":{"line":135,"column":6}}]},"33":{"type":"branch","line":133,"loc":{"start":{"line":133,"column":13},"end":{"line":134,"column":43}},"locations":[{"start":{"line":133,"column":13},"end":{"line":134,"column":43}}]},"34":{"type":"branch","line":136,"loc":{"start":{"line":136,"column":4},"end":{"line":139,"column":6}},"locations":[{"start":{"line":136,"column":4},"end":{"line":139,"column":6}}]},"35":{"type":"branch","line":137,"loc":{"start":{"line":137,"column":13},"end":{"line":138,"column":71}},"locations":[{"start":{"line":137,"column":13},"end":{"line":138,"column":71}}]},"36":{"type":"branch","line":140,"loc":{"start":{"line":140,"column":4},"end":{"line":142,"column":6}},"locations":[{"start":{"line":140,"column":4},"end":{"line":142,"column":6}}]},"37":{"type":"branch","line":141,"loc":{"start":{"line":141,"column":30},"end":{"line":141,"column":54}},"locations":[{"start":{"line":141,"column":30},"end":{"line":141,"column":54}}]},"38":{"type":"branch","line":143,"loc":{"start":{"line":143,"column":4},"end":{"line":145,"column":6}},"locations":[{"start":{"line":143,"column":4},"end":{"line":145,"column":6}}]},"39":{"type":"branch","line":144,"loc":{"start":{"line":144,"column":33},"end":{"line":144,"column":72}},"locations":[{"start":{"line":144,"column":33},"end":{"line":144,"column":72}}]},"40":{"type":"branch","line":146,"loc":{"start":{"line":146,"column":4},"end":{"line":150,"column":6}},"locations":[{"start":{"line":146,"column":4},"end":{"line":150,"column":6}}]},"41":{"type":"branch","line":148,"loc":{"start":{"line":148,"column":8},"end":{"line":148,"column":57}},"locations":[{"start":{"line":148,"column":8},"end":{"line":148,"column":57}}]},"42":{"type":"branch","line":151,"loc":{"start":{"line":151,"column":4},"end":{"line":153,"column":6}},"locations":[{"start":{"line":151,"column":4},"end":{"line":153,"column":6}}]},"43":{"type":"branch","line":152,"loc":{"start":{"line":152,"column":31},"end":{"line":152,"column":48}},"locations":[{"start":{"line":152,"column":31},"end":{"line":152,"column":48}}]},"44":{"type":"branch","line":154,"loc":{"start":{"line":154,"column":4},"end":{"line":158,"column":6}},"locations":[{"start":{"line":154,"column":4},"end":{"line":158,"column":6}}]},"45":{"type":"branch","line":155,"loc":{"start":{"line":155,"column":13},"end":{"line":157,"column":62}},"locations":[{"start":{"line":155,"column":13},"end":{"line":157,"column":62}}]},"46":{"type":"branch","line":156,"loc":{"start":{"line":156,"column":48},"end":{"line":157,"column":62}},"locations":[{"start":{"line":156,"column":48},"end":{"line":157,"column":62}}]},"47":{"type":"branch","line":157,"loc":{"start":{"line":157,"column":36},"end":{"line":157,"column":57}},"locations":[{"start":{"line":157,"column":36},"end":{"line":157,"column":57}}]},"48":{"type":"branch","line":159,"loc":{"start":{"line":159,"column":4},"end":{"line":176,"column":6}},"locations":[{"start":{"line":159,"column":4},"end":{"line":176,"column":6}}]},"49":{"type":"branch","line":161,"loc":{"start":{"line":161,"column":13},"end":{"line":175,"column":7}},"locations":[{"start":{"line":161,"column":13},"end":{"line":175,"column":7}}]},"50":{"type":"branch","line":164,"loc":{"start":{"line":164,"column":10},"end":{"line":164,"column":41}},"locations":[{"start":{"line":164,"column":10},"end":{"line":164,"column":41}}]},"51":{"type":"branch","line":165,"loc":{"start":{"line":165,"column":10},"end":{"line":165,"column":67}},"locations":[{"start":{"line":165,"column":10},"end":{"line":165,"column":67}}]},"52":{"type":"branch","line":166,"loc":{"start":{"line":166,"column":10},"end":{"line":167,"column":25}},"locations":[{"start":{"line":166,"column":10},"end":{"line":167,"column":25}}]},"53":{"type":"branch","line":166,"loc":{"start":{"line":166,"column":44},"end":{"line":166,"column":71}},"locations":[{"start":{"line":166,"column":44},"end":{"line":166,"column":71}}]},"54":{"type":"branch","line":168,"loc":{"start":{"line":168,"column":10},"end":{"line":169,"column":24}},"locations":[{"start":{"line":168,"column":10},"end":{"line":169,"column":24}}]},"55":{"type":"branch","line":168,"loc":{"start":{"line":168,"column":34},"end":{"line":168,"column":71}},"locations":[{"start":{"line":168,"column":34},"end":{"line":168,"column":71}}]},"56":{"type":"branch","line":170,"loc":{"start":{"line":170,"column":10},"end":{"line":171,"column":25}},"locations":[{"start":{"line":170,"column":10},"end":{"line":171,"column":25}}]},"57":{"type":"branch","line":172,"loc":{"start":{"line":172,"column":10},"end":{"line":173,"column":24}},"locations":[{"start":{"line":172,"column":10},"end":{"line":173,"column":24}}]},"58":{"type":"branch","line":177,"loc":{"start":{"line":177,"column":4},"end":{"line":180,"column":6}},"locations":[{"start":{"line":177,"column":4},"end":{"line":180,"column":6}}]},"59":{"type":"branch","line":178,"loc":{"start":{"line":178,"column":13},"end":{"line":179,"column":43}},"locations":[{"start":{"line":178,"column":13},"end":{"line":179,"column":43}}]},"60":{"type":"branch","line":181,"loc":{"start":{"line":181,"column":4},"end":{"line":184,"column":6}},"locations":[{"start":{"line":181,"column":4},"end":{"line":184,"column":6}}]},"61":{"type":"branch","line":182,"loc":{"start":{"line":182,"column":13},"end":{"line":183,"column":63}},"locations":[{"start":{"line":182,"column":13},"end":{"line":183,"column":63}}]},"62":{"type":"branch","line":185,"loc":{"start":{"line":185,"column":4},"end":{"line":188,"column":6}},"locations":[{"start":{"line":185,"column":4},"end":{"line":188,"column":6}}]},"63":{"type":"branch","line":186,"loc":{"start":{"line":186,"column":13},"end":{"line":187,"column":55}},"locations":[{"start":{"line":186,"column":13},"end":{"line":187,"column":55}}]},"64":{"type":"branch","line":187,"loc":{"start":{"line":187,"column":27},"end":{"line":187,"column":55}},"locations":[{"start":{"line":187,"column":27},"end":{"line":187,"column":55}}]},"65":{"type":"branch","line":189,"loc":{"start":{"line":189,"column":4},"end":{"line":192,"column":5}},"locations":[{"start":{"line":189,"column":4},"end":{"line":192,"column":5}}]},"66":{"type":"branch","line":190,"loc":{"start":{"line":190,"column":13},"end":{"line":191,"column":44}},"locations":[{"start":{"line":190,"column":13},"end":{"line":191,"column":44}}]},"67":{"type":"branch","line":196,"loc":{"start":{"line":196,"column":22},"end":{"line":203,"column":49}},"locations":[{"start":{"line":196,"column":22},"end":{"line":203,"column":49}}]},"68":{"type":"branch","line":199,"loc":{"start":{"line":199,"column":6},"end":{"line":200,"column":77}},"locations":[{"start":{"line":199,"column":6},"end":{"line":200,"column":77}}]},"69":{"type":"branch","line":200,"loc":{"start":{"line":200,"column":23},"end":{"line":200,"column":75}},"locations":[{"start":{"line":200,"column":23},"end":{"line":200,"column":75}}]},"70":{"type":"branch","line":200,"loc":{"start":{"line":200,"column":50},"end":{"line":200,"column":74}},"locations":[{"start":{"line":200,"column":50},"end":{"line":200,"column":74}}]},"71":{"type":"branch","line":203,"loc":{"start":{"line":203,"column":12},"end":{"line":203,"column":48}},"locations":[{"start":{"line":203,"column":12},"end":{"line":203,"column":48}}]},"72":{"type":"branch","line":205,"loc":{"start":{"line":205,"column":21},"end":{"line":208,"column":1}},"locations":[{"start":{"line":205,"column":21},"end":{"line":208,"column":1}}]},"73":{"type":"branch","line":207,"loc":{"start":{"line":207,"column":16},"end":{"line":207,"column":53}},"locations":[{"start":{"line":207,"column":16},"end":{"line":207,"column":53}}]},"74":{"type":"branch","line":207,"loc":{"start":{"line":207,"column":49},"end":{"line":207,"column":54}},"locations":[{"start":{"line":207,"column":49},"end":{"line":207,"column":54}}]}},"b":{"0":[10],"1":[2],"2":[2],"3":[8],"4":[104],"5":[308],"6":[8353],"7":[11],"8":[44],"9":[11],"10":[0],"11":[0],"12":[2],"13":[11],"14":[572],"15":[96],"16":[77],"17":[19],"18":[17],"19":[6],"20":[4],"21":[11],"22":[2],"23":[96],"24":[30],"25":[8],"26":[66],"27":[0],"28":[12],"29":[6],"30":[16],"31":[108],"32":[10],"33":[140],"34":[5],"35":[8],"36":[96],"37":[368],"38":[96],"39":[4992],"40":[79],"41":[192],"42":[18],"43":[56],"44":[10],"45":[117],"46":[89],"47":[180],"48":[9],"49":[11],"50":[2],"51":[3],"52":[3],"53":[1],"54":[3],"55":[4],"56":[2],"57":[3],"58":[10],"59":[81],"60":[10],"61":[28],"62":[10],"63":[87],"64":[28],"65":[10],"66":[33],"67":[120],"68":[249],"69":[275],"70":[309],"71":[154],"72":[100],"73":[92],"74":[8]},"fnMap":{"0":{"name":"state","decl":{"start":{"line":38,"column":9},"end":{"line":55,"column":5}},"loc":{"start":{"line":38,"column":9},"end":{"line":55,"column":5}},"line":38},"1":{"name":"generateCards","decl":{"start":{"line":57,"column":4},"end":{"line":70,"column":6}},"loc":{"start":{"line":57,"column":4},"end":{"line":70,"column":6}},"line":57},"2":{"name":"getCard","decl":{"start":{"line":71,"column":4},"end":{"line":73,"column":6}},"loc":{"start":{"line":71,"column":4},"end":{"line":73,"column":6}},"line":71},"3":{"name":"reset","decl":{"start":{"line":74,"column":4},"end":{"line":77,"column":6}},"loc":{"start":{"line":74,"column":4},"end":{"line":77,"column":6}},"line":74},"4":{"name":"newGame","decl":{"start":{"line":78,"column":4},"end":{"line":88,"column":6}},"loc":{"start":{"line":78,"column":4},"end":{"line":88,"column":6}},"line":78},"5":{"name":"shuffle","decl":{"start":{"line":89,"column":4},"end":{"line":91,"column":6}},"loc":{"start":{"line":89,"column":4},"end":{"line":91,"column":6}},"line":89},"6":{"name":"dealCard","decl":{"start":{"line":92,"column":4},"end":{"line":108,"column":6}},"loc":{"start":{"line":92,"column":4},"end":{"line":108,"column":6}},"line":92},"7":{"name":"advanceTurn","decl":{"start":{"line":109,"column":4},"end":{"line":119,"column":6}},"loc":{"start":{"line":109,"column":4},"end":{"line":119,"column":6}},"line":109},"8":{"name":"playDealerTurn","decl":{"start":{"line":120,"column":4},"end":{"line":126,"column":5}},"loc":{"start":{"line":120,"column":4},"end":{"line":126,"column":5}},"line":120},"9":{"name":"currentPlayer","decl":{"start":{"line":129,"column":4},"end":{"line":131,"column":6}},"loc":{"start":{"line":129,"column":4},"end":{"line":131,"column":6}},"line":129},"10":{"name":"isCurrentPlayer","decl":{"start":{"line":132,"column":4},"end":{"line":135,"column":6}},"loc":{"start":{"line":132,"column":4},"end":{"line":135,"column":6}},"line":132},"11":{"name":"isBusted","decl":{"start":{"line":136,"column":4},"end":{"line":139,"column":6}},"loc":{"start":{"line":136,"column":4},"end":{"line":139,"column":6}},"line":136},"12":{"name":"dealtCardIds","decl":{"start":{"line":140,"column":4},"end":{"line":142,"column":6}},"loc":{"start":{"line":140,"column":4},"end":{"line":142,"column":6}},"line":140},"13":{"name":"nextCardId","decl":{"start":{"line":143,"column":4},"end":{"line":145,"column":6}},"loc":{"start":{"line":143,"column":4},"end":{"line":145,"column":6}},"line":143},"14":{"name":"isDealing","decl":{"start":{"line":146,"column":4},"end":{"line":150,"column":6}},"loc":{"start":{"line":146,"column":4},"end":{"line":150,"column":6}},"line":146},"15":{"name":"dealer","decl":{"start":{"line":151,"column":4},"end":{"line":153,"column":6}},"loc":{"start":{"line":151,"column":4},"end":{"line":153,"column":6}},"line":151},"16":{"name":"isCardTurned","decl":{"start":{"line":154,"column":4},"end":{"line":158,"column":6}},"loc":{"start":{"line":154,"column":4},"end":{"line":158,"column":6}},"line":154},"17":{"name":"gameResult","decl":{"start":{"line":159,"column":4},"end":{"line":176,"column":6}},"loc":{"start":{"line":159,"column":4},"end":{"line":176,"column":6}},"line":159},"18":{"name":"getPlayerCards","decl":{"start":{"line":177,"column":4},"end":{"line":180,"column":6}},"loc":{"start":{"line":177,"column":4},"end":{"line":180,"column":6}},"line":177},"19":{"name":"hasMaxHandValue","decl":{"start":{"line":181,"column":4},"end":{"line":184,"column":6}},"loc":{"start":{"line":181,"column":4},"end":{"line":184,"column":6}},"line":181},"20":{"name":"hasBlackjack","decl":{"start":{"line":185,"column":4},"end":{"line":188,"column":6}},"loc":{"start":{"line":185,"column":4},"end":{"line":188,"column":6}},"line":185},"21":{"name":"getPlayerHandValue","decl":{"start":{"line":189,"column":4},"end":{"line":192,"column":5}},"loc":{"start":{"line":189,"column":4},"end":{"line":192,"column":5}},"line":189},"22":{"name":"getHandValues","decl":{"start":{"line":196,"column":22},"end":{"line":203,"column":49}},"loc":{"start":{"line":196,"column":22},"end":{"line":203,"column":49}},"line":196},"23":{"name":"getHandValue","decl":{"start":{"line":205,"column":21},"end":{"line":208,"column":1}},"loc":{"start":{"line":205,"column":21},"end":{"line":208,"column":1}},"line":205}},"f":{"0":10,"1":2,"2":308,"3":11,"4":11,"5":11,"6":96,"7":96,"8":12,"9":108,"10":10,"11":5,"12":96,"13":96,"14":79,"15":18,"16":10,"17":9,"18":10,"19":10,"20":10,"21":10,"22":120,"23":100}}
,"C:\\_toast\\mac\\web\\play\\blackjack\\src\\store\\index.ts": {"path":"C:\\_toast\\mac\\web\\play\\blackjack\\src\\store\\index.ts","all":false,"statementMap":{"0":{"start":{"line":1,"column":0},"end":{"line":1,"column":35}},"1":{"start":{"line":2,"column":0},"end":{"line":2,"column":0}},"2":{"start":{"line":3,"column":0},"end":{"line":3,"column":34}},"3":{"start":{"line":4,"column":0},"end":{"line":4,"column":30}}},"s":{"0":1,"1":1,"2":1,"3":1},"branchMap":{},"b":{},"fnMap":{},"f":{}}
,"C:\\_toast\\mac\\web\\play\\blackjack\\src\\types\\BlackjackCard.ts": {"path":"C:\\_toast\\mac\\web\\play\\blackjack\\src\\types\\BlackjackCard.ts","all":false,"statementMap":{"0":{"start":{"line":1,"column":0},"end":{"line":1,"column":60}},"1":{"start":{"line":2,"column":0},"end":{"line":2,"column":51}},"2":{"start":{"line":3,"column":0},"end":{"line":3,"column":0}},"3":{"start":{"line":4,"column":0},"end":{"line":4,"column":48}},"4":{"start":{"line":5,"column":0},"end":{"line":5,"column":18}},"5":{"start":{"line":6,"column":0},"end":{"line":6,"column":51}},"6":{"start":{"line":7,"column":0},"end":{"line":7,"column":15}},"7":{"start":{"line":8,"column":0},"end":{"line":8,"column":53}},"8":{"start":{"line":9,"column":0},"end":{"line":9,"column":3}},"9":{"start":{"line":10,"column":0},"end":{"line":10,"column":1}}},"s":{"0":1,"1":1,"2":1,"3":1,"4":156,"5":156,"6":156,"7":156,"8":156,"9":156},"branchMap":{"0":{"type":"branch","line":4,"loc":{"start":{"line":4,"column":7},"end":{"line":10,"column":1}},"locations":[{"start":{"line":4,"column":7},"end":{"line":10,"column":1}}]},"1":{"type":"branch","line":6,"loc":{"start":{"line":6,"column":2},"end":{"line":9,"column":3}},"locations":[{"start":{"line":6,"column":2},"end":{"line":9,"column":3}}]},"2":{"type":"branch","line":8,"loc":{"start":{"line":8,"column":46},"end":{"line":8,"column":53}},"locations":[{"start":{"line":8,"column":46},"end":{"line":8,"column":53}}]}},"b":{"0":[156],"1":[156],"2":[0]},"fnMap":{"0":{"name":"<instance_members_initializer>","decl":{"start":{"line":4,"column":7},"end":{"line":10,"column":1}},"loc":{"start":{"line":4,"column":7},"end":{"line":10,"column":1}},"line":4},"1":{"name":"BlackjackCard","decl":{"start":{"line":6,"column":2},"end":{"line":9,"column":3}},"loc":{"start":{"line":6,"column":2},"end":{"line":9,"column":3}},"line":6}},"f":{"0":156,"1":156}}
,"C:\\_toast\\mac\\web\\play\\blackjack\\src\\types\\PlayingCard.ts": {"path":"C:\\_toast\\mac\\web\\play\\blackjack\\src\\types\\PlayingCard.ts","all":false,"statementMap":{"0":{"start":{"line":1,"column":0},"end":{"line":1,"column":57}},"1":{"start":{"line":2,"column":0},"end":{"line":2,"column":25}},"2":{"start":{"line":3,"column":0},"end":{"line":3,"column":0}},"3":{"start":{"line":4,"column":0},"end":{"line":4,"column":31}},"4":{"start":{"line":5,"column":0},"end":{"line":5,"column":17}},"5":{"start":{"line":6,"column":0},"end":{"line":6,"column":19}},"6":{"start":{"line":7,"column":0},"end":{"line":7,"column":13}},"7":{"start":{"line":8,"column":0},"end":{"line":8,"column":1}},"8":{"start":{"line":9,"column":0},"end":{"line":9,"column":50}},"9":{"start":{"line":10,"column":0},"end":{"line":10,"column":18}},"10":{"start":{"line":11,"column":0},"end":{"line":11,"column":20}},"11":{"start":{"line":12,"column":0},"end":{"line":12,"column":9}},"12":{"start":{"line":13,"column":0},"end":{"line":13,"column":0}},"13":{"start":{"line":14,"column":0},"end":{"line":14,"column":50}},"14":{"start":{"line":15,"column":0},"end":{"line":15,"column":50}},"15":{"start":{"line":16,"column":0},"end":{"line":16,"column":30}},"16":{"start":{"line":17,"column":0},"end":{"line":17,"column":32}},"17":{"start":{"line":18,"column":0},"end":{"line":18,"column":3}},"18":{"start":{"line":19,"column":0},"end":{"line":19,"column":1}}},"s":{"0":1,"1":1,"2":1,"3":1,"4":1,"5":1,"6":1,"7":1,"8":1,"9":156,"10":156,"11":156,"12":156,"13":156,"14":156,"15":156,"16":156,"17":156,"18":156},"branchMap":{"0":{"type":"branch","line":9,"loc":{"start":{"line":9,"column":7},"end":{"line":19,"column":1}},"locations":[{"start":{"line":9,"column":7},"end":{"line":19,"column":1}}]},"1":{"type":"branch","line":14,"loc":{"start":{"line":14,"column":2},"end":{"line":18,"column":3}},"locations":[{"start":{"line":14,"column":2},"end":{"line":18,"column":3}}]},"2":{"type":"branch","line":15,"loc":{"start":{"line":15,"column":38},"end":{"line":15,"column":50}},"locations":[{"start":{"line":15,"column":38},"end":{"line":15,"column":50}}]},"3":{"type":"branch","line":17,"loc":{"start":{"line":17,"column":18},"end":{"line":17,"column":32}},"locations":[{"start":{"line":17,"column":18},"end":{"line":17,"column":32}}]}},"b":{"0":[156],"1":[156],"2":[0],"3":[104]},"fnMap":{"0":{"name":"<instance_members_initializer>","decl":{"start":{"line":9,"column":7},"end":{"line":19,"column":1}},"loc":{"start":{"line":9,"column":7},"end":{"line":19,"column":1}},"line":9},"1":{"name":"PlayingCard","decl":{"start":{"line":14,"column":2},"end":{"line":18,"column":3}},"loc":{"start":{"line":14,"column":2},"end":{"line":18,"column":3}},"line":14}},"f":{"0":156,"1":156}}
,"C:\\_toast\\mac\\web\\play\\blackjack\\src\\types\\blackjack.ts": {"path":"C:\\_toast\\mac\\web\\play\\blackjack\\src\\types\\blackjack.ts","all":false,"statementMap":{"0":{"start":{"line":1,"column":0},"end":{"line":1,"column":45}},"1":{"start":{"line":2,"column":0},"end":{"line":2,"column":0}},"2":{"start":{"line":3,"column":0},"end":{"line":3,"column":72}},"3":{"start":{"line":4,"column":0},"end":{"line":4,"column":19}},"4":{"start":{"line":5,"column":0},"end":{"line":5,"column":15}},"5":{"start":{"line":6,"column":0},"end":{"line":6,"column":17}},"6":{"start":{"line":7,"column":0},"end":{"line":7,"column":16}},"7":{"start":{"line":8,"column":0},"end":{"line":8,"column":16}},"8":{"start":{"line":9,"column":0},"end":{"line":9,"column":15}},"9":{"start":{"line":10,"column":0},"end":{"line":10,"column":17}},"10":{"start":{"line":11,"column":0},"end":{"line":11,"column":17}},"11":{"start":{"line":12,"column":0},"end":{"line":12,"column":16}},"12":{"start":{"line":13,"column":0},"end":{"line":13,"column":16}},"13":{"start":{"line":14,"column":0},"end":{"line":14,"column":17}},"14":{"start":{"line":15,"column":0},"end":{"line":15,"column":18}},"15":{"start":{"line":16,"column":0},"end":{"line":16,"column":16}},"16":{"start":{"line":17,"column":0},"end":{"line":17,"column":2}},"17":{"start":{"line":18,"column":0},"end":{"line":18,"column":0}},"18":{"start":{"line":19,"column":0},"end":{"line":19,"column":54}},"19":{"start":{"line":20,"column":0},"end":{"line":20,"column":33}}},"s":{"0":1,"1":1,"2":1,"3":1,"4":1,"5":1,"6":1,"7":1,"8":1,"9":1,"10":1,"11":1,"12":1,"13":1,"14":1,"15":1,"16":1,"17":1,"18":1,"19":156},"branchMap":{"0":{"type":"branch","line":19,"loc":{"start":{"line":19,"column":34},"end":{"line":20,"column":33}},"locations":[{"start":{"line":19,"column":34},"end":{"line":20,"column":33}}]}},"b":{"0":[156]},"fnMap":{"0":{"name":"getBlackjackValues","decl":{"start":{"line":19,"column":34},"end":{"line":20,"column":33}},"loc":{"start":{"line":19,"column":34},"end":{"line":20,"column":33}},"line":19}},"f":{"0":156}}
,"C:\\_toast\\mac\\web\\play\\blackjack\\src\\types\\index.ts": {"path":"C:\\_toast\\mac\\web\\play\\blackjack\\src\\types\\index.ts","all":false,"statementMap":{"0":{"start":{"line":1,"column":0},"end":{"line":1,"column":30}},"1":{"start":{"line":2,"column":0},"end":{"line":2,"column":34}},"2":{"start":{"line":3,"column":0},"end":{"line":3,"column":32}},"3":{"start":{"line":4,"column":0},"end":{"line":4,"column":33}}},"s":{"0":1,"1":1,"2":1,"3":1},"branchMap":{},"b":{},"fnMap":{},"f":{}}
,"C:\\_toast\\mac\\web\\play\\blackjack\\src\\types\\playingCards.ts": {"path":"C:\\_toast\\mac\\web\\play\\blackjack\\src\\types\\playingCards.ts","all":false,"statementMap":{"0":{"start":{"line":1,"column":0},"end":{"line":1,"column":26}},"1":{"start":{"line":2,"column":0},"end":{"line":2,"column":13}},"2":{"start":{"line":3,"column":0},"end":{"line":3,"column":13}},"3":{"start":{"line":4,"column":0},"end":{"line":4,"column":17}},"4":{"start":{"line":5,"column":0},"end":{"line":5,"column":15}},"5":{"start":{"line":6,"column":0},"end":{"line":6,"column":15}},"6":{"start":{"line":7,"column":0},"end":{"line":7,"column":13}},"7":{"start":{"line":8,"column":0},"end":{"line":8,"column":17}},"8":{"start":{"line":9,"column":0},"end":{"line":9,"column":17}},"9":{"start":{"line":10,"column":0},"end":{"line":10,"column":15}},"10":{"start":{"line":11,"column":0},"end":{"line":11,"column":13}},"11":{"start":{"line":12,"column":0},"end":{"line":12,"column":15}},"12":{"start":{"line":13,"column":0},"end":{"line":13,"column":17}},"13":{"start":{"line":14,"column":0},"end":{"line":14,"column":14}},"14":{"start":{"line":15,"column":0},"end":{"line":15,"column":10}},"15":{"start":{"line":16,"column":0},"end":{"line":16,"column":66}},"16":{"start":{"line":17,"column":0},"end":{"line":17,"column":40}},"17":{"start":{"line":18,"column":0},"end":{"line":18,"column":8}},"18":{"start":{"line":19,"column":0},"end":{"line":19,"column":8}},"19":{"start":{"line":20,"column":0},"end":{"line":20,"column":10}},"20":{"start":{"line":21,"column":0},"end":{"line":21,"column":9}},"21":{"start":{"line":22,"column":0},"end":{"line":22,"column":9}},"22":{"start":{"line":23,"column":0},"end":{"line":23,"column":8}},"23":{"start":{"line":24,"column":0},"end":{"line":24,"column":10}},"24":{"start":{"line":25,"column":0},"end":{"line":25,"column":10}},"25":{"start":{"line":26,"column":0},"end":{"line":26,"column":9}},"26":{"start":{"line":27,"column":0},"end":{"line":27,"column":8}},"27":{"start":{"line":28,"column":0},"end":{"line":28,"column":9}},"28":{"start":{"line":29,"column":0},"end":{"line":29,"column":10}},"29":{"start":{"line":30,"column":0},"end":{"line":30,"column":8}},"30":{"start":{"line":31,"column":0},"end":{"line":31,"column":1}},"31":{"start":{"line":32,"column":0},"end":{"line":32,"column":55}},"32":{"start":{"line":33,"column":0},"end":{"line":33,"column":11}},"33":{"start":{"line":34,"column":0},"end":{"line":34,"column":11}},"34":{"start":{"line":35,"column":0},"end":{"line":35,"column":13}},"35":{"start":{"line":36,"column":0},"end":{"line":36,"column":12}},"36":{"start":{"line":37,"column":0},"end":{"line":37,"column":12}},"37":{"start":{"line":38,"column":0},"end":{"line":38,"column":11}},"38":{"start":{"line":39,"column":0},"end":{"line":39,"column":13}},"39":{"start":{"line":40,"column":0},"end":{"line":40,"column":13}},"40":{"start":{"line":41,"column":0},"end":{"line":41,"column":12}},"41":{"start":{"line":42,"column":0},"end":{"line":42,"column":12}},"42":{"start":{"line":43,"column":0},"end":{"line":43,"column":12}},"43":{"start":{"line":44,"column":0},"end":{"line":44,"column":13}},"44":{"start":{"line":45,"column":0},"end":{"line":45,"column":11}},"45":{"start":{"line":46,"column":0},"end":{"line":46,"column":1}},"46":{"start":{"line":47,"column":0},"end":{"line":47,"column":0}},"47":{"start":{"line":48,"column":0},"end":{"line":48,"column":27}},"48":{"start":{"line":49,"column":0},"end":{"line":49,"column":19}},"49":{"start":{"line":50,"column":0},"end":{"line":50,"column":19}},"50":{"start":{"line":51,"column":0},"end":{"line":51,"column":23}},"51":{"start":{"line":52,"column":0},"end":{"line":52,"column":16}},"52":{"start":{"line":53,"column":0},"end":{"line":53,"column":10}},"53":{"start":{"line":54,"column":0},"end":{"line":54,"column":69}},"54":{"start":{"line":55,"column":0},"end":{"line":55,"column":42}},"55":{"start":{"line":56,"column":0},"end":{"line":56,"column":11}},"56":{"start":{"line":57,"column":0},"end":{"line":57,"column":11}},"57":{"start":{"line":58,"column":0},"end":{"line":58,"column":13}},"58":{"start":{"line":59,"column":0},"end":{"line":59,"column":9}},"59":{"start":{"line":60,"column":0},"end":{"line":60,"column":1}},"60":{"start":{"line":61,"column":0},"end":{"line":61,"column":57}},"61":{"start":{"line":62,"column":0},"end":{"line":62,"column":14}},"62":{"start":{"line":63,"column":0},"end":{"line":63,"column":14}},"63":{"start":{"line":64,"column":0},"end":{"line":64,"column":16}},"64":{"start":{"line":65,"column":0},"end":{"line":65,"column":12}},"65":{"start":{"line":66,"column":0},"end":{"line":66,"column":1}}},"s":{"0":1,"1":1,"2":1,"3":1,"4":1,"5":1,"6":1,"7":1,"8":1,"9":1,"10":1,"11":1,"12":1,"13":1,"14":1,"15":1,"16":1,"17":1,"18":1,"19":1,"20":1,"21":1,"22":1,"23":1,"24":1,"25":1,"26":1,"27":1,"28":1,"29":1,"30":1,"31":1,"32":1,"33":1,"34":1,"35":1,"36":1,"37":1,"38":1,"39":1,"40":1,"41":1,"42":1,"43":1,"44":1,"45":1,"46":1,"47":1,"48":1,"49":1,"50":1,"51":1,"52":1,"53":1,"54":1,"55":1,"56":1,"57":1,"58":1,"59":1,"60":1,"61":1,"62":1,"63":1,"64":1,"65":1},"branchMap":{},"b":{},"fnMap":{},"f":{}}
}
